<?xml version="1.0" encoding="UTF-8"?>
<testsuite name="StringTransformerTest" tests="1" skipped="0" failures="0" errors="0" timestamp="2022-11-18T18:00:40" hostname="LAPTOP-84V31K7U" time="0.015">
  <properties/>
  <testcase name="stringReplacer()" classname="StringTransformerTest" time="0.015"/>
  <system-out><![CDATA[]]></system-out>
  <system-err><![CDATA[]]></system-err>
</testsuite>
